<?xml version="1.0" encoding="UTF-8"?>
<!-- Generated by org.testng.reporters.JUnitReportReporter -->
<testsuite hostname="Strava" failures="0" tests="2" name="lab.ManageDemandTest" time="0.002" errors="0" timestamp="2022-03-31T23:40:50 PET" skipped="0">
  <testcase classname="lab.ManageDemandTest" name="test_AllOrdersColombia" time="0.002"/>
  <testcase classname="lab.ManageDemandTest" name="test_AllOrdersFromPeru" time="0.000"/>
</testsuite> <!-- lab.ManageDemandTest -->
