<?xml version="1.0" encoding="UTF-8"?>
<!-- Generated by org.testng.reporters.JUnitReportReporter -->
<testsuite hostname="Strava" failures="0" tests="1" name="lab.TaxTest" time="0.000" errors="0" timestamp="2022-03-31T23:29:28 PET" skipped="0">
  <testcase classname="lab.TaxTest" name="test_CorrectTaxValue" time="0.000"/>
</testsuite> <!-- lab.TaxTest -->
